#
# There is insufficient memory for the Java Runtime Environment to continue.
# Native memory allocation (malloc) failed to allocate 333616 bytes for Chunk::new
# Possible reasons:
#   The system is out of physical RAM or swap space
#   The process is running with CompressedOops enabled, and the Java Heap may be blocking the growth of the native heap
# Possible solutions:
#   Reduce memory load on the system
#   Increase physical memory or swap space
#   Check if swap backing store is full
#   Decrease Java heap size (-Xmx/-Xms)
#   Decrease number of Java threads
#   Decrease Java thread stack sizes (-Xss)
#   Set larger code cache with -XX:ReservedCodeCacheSize=
#   JVM is running with Unscaled Compressed Oops mode in which the Java heap is
#     placed in the first 4GB address space. The Java Heap base address is the
#     maximum limit for the native heap growth. Please use -XX:HeapBaseMinAddress
#     to set the Java Heap base and to place the Java Heap above 4GB virtual address.
# This output file may be truncated or incomplete.
#
#  Out of Memory Error (allocation.cpp:389), pid=65096, tid=0x00000000000113b0
#
# JRE version: Java(TM) SE Runtime Environment (8.0_211-b12) (build 1.8.0_211-b12)
# Java VM: Java HotSpot(TM) 64-Bit Server VM (25.211-b12 mixed mode windows-amd64 compressed oops)
# Failed to write core dump. Minidumps are not enabled by default on client versions of Windows
#

---------------  T H R E A D  ---------------

Current thread (0x000000001a0fb800):  JavaThread "C2 CompilerThread1" daemon [_thread_in_native, id=70576, stack(0x000000001aae0000,0x000000001abe0000)]

Stack: [0x000000001aae0000,0x000000001abe0000]
[error occurred during error reporting (printing stack bounds), id 0xc0000005]

Native frames: (J=compiled Java code, j=interpreted, Vv=VM code, C=native code)


Current CompileTask:
C2: 370841 16297       4       org.objectweb.asm.ClassReader::readMethod (1047 bytes)


---------------  P R O C E S S  ---------------

Java Threads: ( => current thread )
  0x000000001d14a800 JavaThread "WorkerExecutor Queue Thread 8" [_thread_blocked, id=58372, stack(0x000000002a070000,0x000000002a170000)]
  0x000000001d140000 JavaThread "Exec process Thread 3" [_thread_blocked, id=72060, stack(0x0000000029f70000,0x000000002a070000)]
  0x000000001d145000 JavaThread "Exec process Thread 2" [_thread_blocked, id=77120, stack(0x0000000029e70000,0x0000000029f70000)]
  0x000000001d144800 JavaThread "Exec process" [_thread_blocked, id=72172, stack(0x0000000029d70000,0x0000000029e70000)]
  0x000000001d143800 JavaThread "WorkerExecutor Queue Thread 7" [_thread_blocked, id=77724, stack(0x0000000029c70000,0x0000000029d70000)]
  0x000000001d143000 JavaThread "WorkerExecutor Queue Thread 6" [_thread_blocked, id=76524, stack(0x0000000029b70000,0x0000000029c70000)]
  0x000000001d141800 JavaThread "WorkerExecutor Queue Thread 5" [_thread_blocked, id=70928, stack(0x0000000029a70000,0x0000000029b70000)]
  0x00000000209ce000 JavaThread "WorkerExecutor Queue Thread 4" [_thread_blocked, id=74028, stack(0x0000000029970000,0x0000000029a70000)]
  0x00000000209cd800 JavaThread "WorkerExecutor Queue Thread 3" [_thread_blocked, id=76904, stack(0x0000000029870000,0x0000000029970000)]
  0x00000000209c6000 JavaThread "WorkerExecutor Queue Thread 2" [_thread_blocked, id=51600, stack(0x0000000029770000,0x0000000029870000)]
  0x00000000209cb000 JavaThread "WorkerExecutor Queue" [_thread_blocked, id=70836, stack(0x0000000029470000,0x0000000029570000)]
  0x00000000209ca800 JavaThread "Cache worker for execution history cache (C:\Users\devpa\react-native-projetos\rentx\android\.gradle\6.9\executionHistory)" [_thread_blocked, id=66352, stack(0x0000000029270000,0x0000000029370000)]
  0x00000000209bf000 JavaThread "Execution worker for ':' Thread 7" [_thread_blocked, id=73532, stack(0x0000000029170000,0x0000000029270000)]
  0x00000000209c5000 JavaThread "Execution worker for ':' Thread 6" [_thread_blocked, id=77348, stack(0x0000000029070000,0x0000000029170000)]
  0x00000000209c3000 JavaThread "Execution worker for ':' Thread 5" [_thread_blocked, id=74760, stack(0x0000000028f70000,0x0000000029070000)]
  0x000000001bf05800 JavaThread "Execution worker for ':' Thread 4" [_thread_blocked, id=66400, stack(0x0000000028e70000,0x0000000028f70000)]
  0x000000001bf07000 JavaThread "Execution worker for ':' Thread 3" [_thread_in_Java, id=39340, stack(0x0000000028d70000,0x0000000028e70000)]
  0x000000001bf06000 JavaThread "Execution worker for ':' Thread 2" [_thread_blocked, id=18032, stack(0x00000000274f0000,0x00000000275f0000)]
  0x000000001bf04800 JavaThread "Execution worker for ':'" [_thread_blocked, id=73636, stack(0x0000000026ba0000,0x0000000026ca0000)]
  0x000000001befd000 JavaThread "Memory manager" [_thread_blocked, id=76052, stack(0x0000000001610000,0x0000000001710000)]
  0x00000000209c9800 JavaThread "Build operations Thread 8" [_thread_blocked, id=75520, stack(0x0000000024ca0000,0x0000000024da0000)]
  0x00000000209c2000 JavaThread "Build operations Thread 7" [_thread_in_native, id=65564, stack(0x0000000024ba0000,0x0000000024ca0000)]
  0x00000000209c9000 JavaThread "Build operations Thread 6" [_thread_blocked, id=71356, stack(0x0000000024aa0000,0x0000000024ba0000)]
  0x00000000209c8000 JavaThread "Build operations Thread 5" [_thread_blocked, id=73864, stack(0x00000000249a0000,0x0000000024aa0000)]
  0x00000000209c7800 JavaThread "Build operations Thread 4" [_thread_blocked, id=73108, stack(0x00000000248a0000,0x00000000249a0000)]
  0x00000000209c0800 JavaThread "Build operations Thread 3" [_thread_blocked, id=61308, stack(0x00000000247a0000,0x00000000248a0000)]
  0x00000000209c0000 JavaThread "Build operations Thread 2" [_thread_in_native, id=72000, stack(0x00000000246a0000,0x00000000247a0000)]
  0x00000000209c1800 JavaThread "Build operations" [_thread_blocked, id=68268, stack(0x0000000023370000,0x0000000023470000)]
  0x00000000209c6800 JavaThread "Cache worker for Build Output Cleanup Cache (C:\Users\devpa\react-native-projetos\rentx\android\.gradle\buildOutputCleanup)" [_thread_blocked, id=68556, stack(0x0000000022d70000,0x0000000022e70000)]
  0x00000000209c4800 JavaThread "Cache worker for file content cache (C:\Users\devpa\.gradle\caches\6.9\fileContent)" [_thread_blocked, id=75836, stack(0x0000000022670000,0x0000000022770000)]
  0x000000001d30a000 JavaThread "Cache worker for execution history cache (C:\Users\devpa\.gradle\caches\6.9\executionHistory)" [_thread_blocked, id=70548, stack(0x0000000021a70000,0x0000000021b70000)]
  0x000000001d309800 JavaThread "Cache worker for cache directory md-rule (C:\Users\devpa\.gradle\caches\6.9\md-rule)" [_thread_blocked, id=76040, stack(0x0000000021970000,0x0000000021a70000)]
  0x000000001d30b000 JavaThread "Cache worker for cache directory md-supplier (C:\Users\devpa\.gradle\caches\6.9\md-supplier)" [_thread_blocked, id=62380, stack(0x0000000021670000,0x0000000021770000)]
  0x000000001d30c800 JavaThread "Cache worker for checksums cache (C:\Users\devpa\react-native-projetos\rentx\android\.gradle\checksums)" [_thread_blocked, id=75328, stack(0x0000000021570000,0x0000000021670000)]
  0x000000001d308800 JavaThread "Cache worker for file hash cache (C:\Users\devpa\react-native-projetos\rentx\android\.gradle\6.9\fileHashes)" [_thread_blocked, id=77208, stack(0x0000000021010000,0x0000000021110000)]
  0x000000001d306800 JavaThread "Cache worker for journal cache (C:\Users\devpa\.gradle\caches\journal-1)" [_thread_blocked, id=67364, stack(0x000000001fe00000,0x000000001ff00000)]
  0x000000001d308000 JavaThread "File lock request listener" [_thread_in_native, id=73656, stack(0x000000001fd00000,0x000000001fe00000)]
  0x000000001d30b800 JavaThread "Cache worker for file hash cache (C:\Users\devpa\.gradle\caches\6.9\fileHashes)" [_thread_blocked, id=69876, stack(0x000000001ff40000,0x0000000020040000)]
  0x000000001ca29000 JavaThread "Daemon client event forwarder" [_thread_blocked, id=74020, stack(0x000000001ea30000,0x000000001eb30000)]
  0x000000001ca28800 JavaThread "Stdin handler" [_thread_blocked, id=76352, stack(0x000000001e930000,0x000000001ea30000)]
  0x000000001ca27800 JavaThread "Asynchronous log dispatcher for DefaultDaemonConnection: socket connection from /127.0.0.1:64541 to /127.0.0.1:64542" [_thread_blocked, id=77500, stack(0x000000001e830000,0x000000001e930000)]
  0x000000001c9fe000 JavaThread "Daemon worker" [_thread_blocked, id=57960, stack(0x000000001e630000,0x000000001e730000)]
  0x000000001c9fb000 JavaThread "Cancel handler" [_thread_blocked, id=61896, stack(0x000000001e530000,0x000000001e630000)]
  0x000000001ca32000 JavaThread "Handler for socket connection from /127.0.0.1:64541 to /127.0.0.1:64542" [_thread_in_native, id=12984, stack(0x000000001e430000,0x000000001e530000)]
  0x000000001ca6c800 JavaThread "Daemon" [_thread_blocked, id=76228, stack(0x000000001e330000,0x000000001e430000)]
  0x000000001cab2800 JavaThread "Daemon periodic checks" [_thread_blocked, id=76348, stack(0x000000001e030000,0x000000001e130000)]
  0x000000001ca3d000 JavaThread "Incoming local TCP Connector on port 64541" [_thread_in_native, id=71664, stack(0x000000001ddc0000,0x000000001dec0000)]
  0x000000001c94c800 JavaThread "Daemon health stats" [_thread_blocked, id=72304, stack(0x000000001d980000,0x000000001da80000)]
  0x000000001a15b000 JavaThread "Service Thread" daemon [_thread_blocked, id=54892, stack(0x000000001ade0000,0x000000001aee0000)]
  0x000000001a155000 JavaThread "C1 CompilerThread3" daemon [_thread_blocked, id=69452, stack(0x000000001ace0000,0x000000001ade0000)]
  0x000000001a151800 JavaThread "C2 CompilerThread2" daemon [_thread_blocked, id=56444, stack(0x000000001abe0000,0x000000001ace0000)]
=>0x000000001a0fb800 JavaThread "C2 CompilerThread1" daemon [_thread_in_native, id=70576, stack(0x000000001aae0000,0x000000001abe0000)]
  0x000000001a0f9800 JavaThread "C2 CompilerThread0" daemon [_thread_blocked, id=67568, stack(0x000000001a9e0000,0x000000001aae0000)]
  0x000000001a0f8000 JavaThread "Attach Listener" daemon [_thread_blocked, id=65140, stack(0x000000001a8e0000,0x000000001a9e0000)]
  0x000000001a0f5000 JavaThread "Signal Dispatcher" daemon [_thread_blocked, id=13244, stack(0x000000001a7e0000,0x000000001a8e0000)]
  0x000000001a0e1000 JavaThread "Finalizer" daemon [_thread_blocked, id=65820, stack(0x000000001a5c0000,0x000000001a6c0000)]
  0x0000000003269000 JavaThread "Reference Handler" daemon [_thread_blocked, id=68284, stack(0x000000001a4c0000,0x000000001a5c0000)]
  0x0000000003174800 JavaThread "main" [_thread_blocked, id=59108, stack(0x0000000003030000,0x0000000003130000)]

Other Threads:
  0x00000000182d8000 VMThread [stack: 0x0000000019fc0000,0x000000001a0c0000] [id=76896]
  0x000000001a16c000 WatcherThread [stack: 0x000000001aee0000,0x000000001afe0000] [id=37116]

VM state:not at safepoint (normal execution)

VM Mutex/Monitor currently owned by a thread: None

heap address: 0x0000000080000000, size: 2048 MB, Compressed Oops mode: 32-bit
Narrow klass base: 0x0000000000000000, Narrow klass shift: 3
Compressed class space size: 1073741824 Address: 0x0000000100000000

Heap:
 PSYoungGen      total 658432K, used 292906K [0x00000000d5580000, 0x0000000100000000, 0x0000000100000000)
  eden space 617984K, 42% used [0x00000000d5580000,0x00000000e58db598,0x00000000fb100000)
  from space 40448K, 67% used [0x00000000fb100000,0x00000000fcbaf450,0x00000000fd880000)
  to   space 40448K, 0% used [0x00000000fd880000,0x00000000fd880000,0x0000000100000000)
 ParOldGen       total 208896K, used 102101K [0x0000000080000000, 0x000000008cc00000, 0x00000000d5580000)
  object space 208896K, 48% used [0x0000000080000000,0x00000000863b56d8,0x000000008cc00000)
 Metaspace       used 86033K, capacity 92173K, committed 94296K, reserved 1130496K
  class space    used 11574K, capacity 13076K, committed 13696K, reserved 1048576K

Card table byte_map: [0x0000000012630000,0x0000000012a40000] byte_map_base: 0x0000000012230000

Marking Bits: (ParMarkBitMap*) 0x0000000061475ce0
 Begin Bits: [0x00000000134f0000, 0x00000000154f0000)
 End Bits:   [0x00000000154f0000, 0x00000000174f0000)

Polling page: 0x00000000017c0000

CodeCache: size=245760Kb used=48245Kb max_used=48367Kb free=197514Kb
 bounds [0x0000000003270000, 0x00000000061f0000, 0x0000000012270000]
 total_blobs=14084 nmethods=13228 adapters=768
 compilation: enabled

Compilation events (10 events):
Event: 370.685 Thread 0x000000001a151800 16298       4       org.objectweb.asm.commons.ClassRemapper::visitMethod (76 bytes)
Event: 370.689 Thread 0x000000001a0f9800 16299       4       org.objectweb.asm.ClassWriter::visitMethod (57 bytes)
Event: 370.706 Thread 0x000000001a0f9800 nmethod 16299 0x0000000004227690 code [0x0000000004227840, 0x0000000004227ff0]
Event: 370.709 Thread 0x000000001a0f9800 16300       4       org.objectweb.asm.MethodVisitor::visitEnd (15 bytes)
Event: 370.710 Thread 0x000000001a0f9800 nmethod 16300 0x00000000034008d0 code [0x0000000003400a20, 0x0000000003400ab8]
Event: 370.719 Thread 0x000000001a155000 16301       3       org.objectweb.asm.SymbolTable::addConstantIntegerOrFloat (100 bytes)
Event: 370.720 Thread 0x000000001a155000 nmethod 16301 0x00000000061e9990 code [0x00000000061e9b60, 0x00000000061ea158]
Event: 370.764 Thread 0x000000001a0f9800 16302       4       org.objectweb.asm.Label::put (83 bytes)
Event: 370.778 Thread 0x000000001a151800 nmethod 16298 0x00000000047da710 code [0x00000000047daa80, 0x00000000047dcb40]
Event: 370.787 Thread 0x000000001a0f9800 nmethod 16302 0x0000000003523f10 code [0x00000000035240c0, 0x0000000003524cc8]

GC Heap History (10 events):
Event: 154.668 GC heap before
{Heap before GC invocations=23 (full 3):
 PSYoungGen      total 663040K, used 662880K [0x00000000d5580000, 0x0000000100000000, 0x0000000100000000)
  eden space 643584K, 100% used [0x00000000d5580000,0x00000000fca00000,0x00000000fca00000)
  from space 19456K, 99% used [0x00000000fca00000,0x00000000fdcd8388,0x00000000fdd00000)
  to   space 28160K, 0% used [0x00000000fe480000,0x00000000fe480000,0x0000000100000000)
 ParOldGen       total 98816K, used 33164K [0x0000000080000000, 0x0000000086080000, 0x00000000d5580000)
  object space 98816K, 33% used [0x0000000080000000,0x00000000820630c0,0x0000000086080000)
 Metaspace       used 69581K, capacity 72911K, committed 73048K, reserved 1112064K
  class space    used 9250K, capacity 9988K, committed 10112K, reserved 1048576K
Event: 155.823 GC heap after
Heap after GC invocations=23 (full 3):
 PSYoungGen      total 666624K, used 23061K [0x00000000d5580000, 0x0000000100000000, 0x0000000100000000)
  eden space 638464K, 0% used [0x00000000d5580000,0x00000000d5580000,0x00000000fc500000)
  from space 28160K, 81% used [0x00000000fe480000,0x00000000ffb057e8,0x0000000100000000)
  to   space 30208K, 0% used [0x00000000fc500000,0x00000000fc500000,0x00000000fe280000)
 ParOldGen       total 98816K, used 33172K [0x0000000080000000, 0x0000000086080000, 0x00000000d5580000)
  object space 98816K, 33% used [0x0000000080000000,0x00000000820650c0,0x0000000086080000)
 Metaspace       used 69581K, capacity 72911K, committed 73048K, reserved 1112064K
  class space    used 9250K, capacity 9988K, committed 10112K, reserved 1048576K
}
Event: 179.473 GC heap before
{Heap before GC invocations=24 (full 3):
 PSYoungGen      total 666624K, used 661525K [0x00000000d5580000, 0x0000000100000000, 0x0000000100000000)
  eden space 638464K, 100% used [0x00000000d5580000,0x00000000fc500000,0x00000000fc500000)
  from space 28160K, 81% used [0x00000000fe480000,0x00000000ffb057e8,0x0000000100000000)
  to   space 30208K, 0% used [0x00000000fc500000,0x00000000fc500000,0x00000000fe280000)
 ParOldGen       total 98816K, used 33172K [0x0000000080000000, 0x0000000086080000, 0x00000000d5580000)
  object space 98816K, 33% used [0x0000000080000000,0x00000000820650c0,0x0000000086080000)
 Metaspace       used 69592K, capacity 72923K, committed 73048K, reserved 1112064K
  class space    used 9251K, capacity 9990K, committed 10112K, reserved 1048576K
Event: 179.823 GC heap after
Heap after GC invocations=24 (full 3):
 PSYoungGen      total 666112K, used 27299K [0x00000000d5580000, 0x0000000100000000, 0x0000000100000000)
  eden space 638464K, 0% used [0x00000000d5580000,0x00000000d5580000,0x00000000fc500000)
  from space 27648K, 98% used [0x00000000fc500000,0x00000000fdfa8c48,0x00000000fe000000)
  to   space 32768K, 0% used [0x00000000fe000000,0x00000000fe000000,0x0000000100000000)
 ParOldGen       total 98816K, used 33172K [0x0000000080000000, 0x0000000086080000, 0x00000000d5580000)
  object space 98816K, 33% used [0x0000000080000000,0x00000000820650c0,0x0000000086080000)
 Metaspace       used 69592K, capacity 72923K, committed 73048K, reserved 1112064K
  class space    used 9251K, capacity 9990K, committed 10112K, reserved 1048576K
}
Event: 260.451 GC heap before
{Heap before GC invocations=25 (full 3):
 PSYoungGen      total 666112K, used 665763K [0x00000000d5580000, 0x0000000100000000, 0x0000000100000000)
  eden space 638464K, 100% used [0x00000000d5580000,0x00000000fc500000,0x00000000fc500000)
  from space 27648K, 98% used [0x00000000fc500000,0x00000000fdfa8c48,0x00000000fe000000)
  to   space 32768K, 0% used [0x00000000fe000000,0x00000000fe000000,0x0000000100000000)
 ParOldGen       total 98816K, used 33172K [0x0000000080000000, 0x0000000086080000, 0x00000000d5580000)
  object space 98816K, 33% used [0x0000000080000000,0x00000000820650c0,0x0000000086080000)
 Metaspace       used 75735K, capacity 80985K, committed 81240K, reserved 1118208K
  class space    used 10205K, capacity 11580K, committed 11648K, reserved 1048576K
Event: 261.701 GC heap after
Heap after GC invocations=25 (full 3):
 PSYoungGen      total 650752K, used 32746K [0x00000000d5580000, 0x0000000100000000, 0x0000000100000000)
  eden space 617984K, 0% used [0x00000000d5580000,0x00000000d5580000,0x00000000fb100000)
  from space 32768K, 99% used [0x00000000fe000000,0x00000000ffffa978,0x0000000100000000)
  to   space 40448K, 0% used [0x00000000fb100000,0x00000000fb100000,0x00000000fd880000)
 ParOldGen       total 98816K, used 41299K [0x0000000080000000, 0x0000000086080000, 0x00000000d5580000)
  object space 98816K, 41% used [0x0000000080000000,0x0000000082854f00,0x0000000086080000)
 Metaspace       used 75735K, capacity 80985K, committed 81240K, reserved 1118208K
  class space    used 10205K, capacity 11580K, committed 11648K, reserved 1048576K
}
Event: 349.371 GC heap before
{Heap before GC invocations=26 (full 3):
 PSYoungGen      total 650752K, used 650562K [0x00000000d5580000, 0x0000000100000000, 0x0000000100000000)
  eden space 617984K, 99% used [0x00000000d5580000,0x00000000fb0d5fe8,0x00000000fb100000)
  from space 32768K, 99% used [0x00000000fe000000,0x00000000ffffa978,0x0000000100000000)
  to   space 40448K, 0% used [0x00000000fb100000,0x00000000fb100000,0x00000000fd880000)
 ParOldGen       total 98816K, used 41299K [0x0000000080000000, 0x0000000086080000, 0x00000000d5580000)
  object space 98816K, 41% used [0x0000000080000000,0x0000000082854f00,0x0000000086080000)
 Metaspace       used 87027K, capacity 93979K, committed 94296K, reserved 1130496K
  class space    used 11832K, capacity 13581K, committed 13696K, reserved 1048576K
Event: 357.349 GC heap after
Heap after GC invocations=26 (full 3):
 PSYoungGen      total 658432K, used 40416K [0x00000000d5580000, 0x0000000100000000, 0x0000000100000000)
  eden space 617984K, 0% used [0x00000000d5580000,0x00000000d5580000,0x00000000fb100000)
  from space 40448K, 99% used [0x00000000fb100000,0x00000000fd8782d0,0x00000000fd880000)
  to   space 40448K, 0% used [0x00000000fd880000,0x00000000fd880000,0x0000000100000000)
 ParOldGen       total 102400K, used 102023K [0x0000000080000000, 0x0000000086400000, 0x00000000d5580000)
  object space 102400K, 99% used [0x0000000080000000,0x00000000863a1c10,0x0000000086400000)
 Metaspace       used 87027K, capacity 93979K, committed 94296K, reserved 1130496K
  class space    used 11832K, capacity 13581K, committed 13696K, reserved 1048576K
}
Event: 357.355 GC heap before
{Heap before GC invocations=27 (full 4):
 PSYoungGen      total 658432K, used 40416K [0x00000000d5580000, 0x0000000100000000, 0x0000000100000000)
  eden space 617984K, 0% used [0x00000000d5580000,0x00000000d5580000,0x00000000fb100000)
  from space 40448K, 99% used [0x00000000fb100000,0x00000000fd8782d0,0x00000000fd880000)
  to   space 40448K, 0% used [0x00000000fd880000,0x00000000fd880000,0x0000000100000000)
 ParOldGen       total 102400K, used 102023K [0x0000000080000000, 0x0000000086400000, 0x00000000d5580000)
  object space 102400K, 99% used [0x0000000080000000,0x00000000863a1c10,0x0000000086400000)
 Metaspace       used 87027K, capacity 93979K, committed 94296K, reserved 1130496K
  class space    used 11832K, capacity 13581K, committed 13696K, reserved 1048576K
Event: 366.761 GC heap after
Heap after GC invocations=27 (full 4):
 PSYoungGen      total 658432K, used 27325K [0x00000000d5580000, 0x0000000100000000, 0x0000000100000000)
  eden space 617984K, 0% used [0x00000000d5580000,0x00000000d5580000,0x00000000fb100000)
  from space 40448K, 67% used [0x00000000fb100000,0x00000000fcbaf450,0x00000000fd880000)
  to   space 40448K, 0% used [0x00000000fd880000,0x00000000fd880000,0x0000000100000000)
 ParOldGen       total 208896K, used 102101K [0x0000000080000000, 0x000000008cc00000, 0x00000000d5580000)
  object space 208896K, 48% used [0x0000000080000000,0x00000000863b56d8,0x000000008cc00000)
 Metaspace       used 86032K, capacity 92173K, committed 94296K, reserved 1130496K
  class space    used 11574K, capacity 13076K, committed 13696K, reserved 1048576K
}

Deoptimization events (10 events):
Event: 341.453 Thread 0x00000000209c8000 Uncommon trap: reason=unstable_if action=reinterpret pc=0x0000000005237d24 method=java.util.concurrent.ConcurrentLinkedQueue.offer(Ljava/lang/Object;)Z @ 91
Event: 341.454 Thread 0x00000000209c2000 Uncommon trap: reason=class_check action=maybe_recompile pc=0x000000000394b258 method=sun.nio.ch.IOUtil.write(Ljava/io/FileDescriptor;Ljava/nio/ByteBuffer;JLsun/nio/ch/NativeDispatcher;)I @ 1
Event: 341.970 Thread 0x00000000209c2000 Uncommon trap: reason=unstable_if action=reinterpret pc=0x0000000003a6c280 method=java.nio.DirectByteBuffer.put([BII)Ljava/nio/ByteBuffer; @ 8
Event: 342.547 Thread 0x00000000209c8000 Uncommon trap: reason=unstable_if action=reinterpret pc=0x0000000003b98fec method=java.util.concurrent.ConcurrentHashMap.get(Ljava/lang/Object;)Ljava/lang/Object; @ 86
Event: 344.447 Thread 0x00000000209c8000 Uncommon trap: reason=unstable_if action=reinterpret pc=0x0000000006084688 method=com.android.tools.build.jetifier.processor.AndroidXRefScanner$AndroidXTrackingRemapper.map(Ljava/lang/String;)Ljava/lang/String; @ 15
Event: 369.175 Thread 0x000000001bf07000 Uncommon trap: reason=unstable_if action=reinterpret pc=0x00000000061b2b94 method=org.objectweb.asm.Type.getDimensions()I @ 17
Event: 369.666 Thread 0x00000000209c0000 Uncommon trap: reason=unstable_if action=reinterpret pc=0x000000000603f784 method=org.objectweb.asm.ClassReader.readUtf(II[C)Ljava/lang/String; @ 41
Event: 369.679 Thread 0x00000000209c0000 Uncommon trap: reason=unstable_if action=reinterpret pc=0x0000000006081278 method=org.objectweb.asm.ByteVector.putUTF8(Ljava/lang/String;)Lorg/objectweb/asm/ByteVector; @ 100
Event: 369.693 Thread 0x00000000209c0000 Uncommon trap: reason=unstable_if action=reinterpret pc=0x0000000006003c60 method=org.objectweb.asm.ClassReader.readUtf(II[C)Ljava/lang/String; @ 41
Event: 369.697 Thread 0x00000000209c0000 Uncommon trap: reason=unstable_if action=reinterpret pc=0x0000000006000b68 method=org.objectweb.asm.ByteVector.putUTF8(Ljava/lang/String;)Lorg/objectweb/asm/ByteVector; @ 100

Classes redefined (0 events):
No events

Internal exceptions (10 events):
Event: 341.104 Thread 0x00000000209c2000 Exception <a 'sun/nio/fs/WindowsException'> (0x00000000ee595490) thrown at [C:\re\workspace\8-2-build-windows-amd64-cygwin\jdk8u211\12973\hotspot\src\share\vm\prims\jni.cpp, line 710]
Event: 341.180 Thread 0x00000000209c8000 Exception <a 'java/lang/NoSuchMethodError': java.lang.Object.lambda$flatMap$2(Ljava/util/function/Function;Ljava/lang/Object;)Lorg/gradle/internal/Try;> (0x00000000ee513658) thrown at [C:\re\workspace\8-2-build-windows-amd64-cygwin\jdk8u211\12973\hotspot\
Event: 341.181 Thread 0x00000000209c2000 Exception <a 'java/lang/NoSuchMethodError': java.lang.Object.lambda$flatMap$2(Ljava/util/function/Function;Ljava/lang/Object;)Lorg/gradle/internal/Try;> (0x00000000ee5aa6b0) thrown at [C:\re\workspace\8-2-build-windows-amd64-cygwin\jdk8u211\12973\hotspot\
Event: 341.861 Thread 0x00000000209c0800 Exception <a 'java/net/SocketTimeoutException': Read timed out> (0x00000000edf91c50) thrown at [C:\re\workspace\8-2-build-windows-amd64-cygwin\jdk8u211\12973\hotspot\src\share\vm\prims\jni.cpp, line 736]
Event: 341.909 Thread 0x00000000209c8000 Exception <a 'java/net/SocketTimeoutException': Read timed out> (0x00000000ef535340) thrown at [C:\re\workspace\8-2-build-windows-amd64-cygwin\jdk8u211\12973\hotspot\src\share\vm\prims\jni.cpp, line 736]
Event: 343.960 Thread 0x00000000209c8000 Exception <a 'sun/nio/fs/WindowsException'> (0x00000000f380d058) thrown at [C:\re\workspace\8-2-build-windows-amd64-cygwin\jdk8u211\12973\hotspot\src\share\vm\prims\jni.cpp, line 710]
Event: 344.464 Thread 0x00000000209c8000 Exception <a 'sun/nio/fs/WindowsException'> (0x00000000f5fd9930) thrown at [C:\re\workspace\8-2-build-windows-amd64-cygwin\jdk8u211\12973\hotspot\src\share\vm\prims\jni.cpp, line 710]
Event: 344.843 Thread 0x00000000209c8000 Exception <a 'java/net/SocketTimeoutException': Read timed out> (0x00000000f65c7a38) thrown at [C:\re\workspace\8-2-build-windows-amd64-cygwin\jdk8u211\12973\hotspot\src\share\vm\prims\jni.cpp, line 736]
Event: 345.708 Thread 0x00000000209c8000 Exception <a 'sun/nio/fs/WindowsException'> (0x00000000f88b8498) thrown at [C:\re\workspace\8-2-build-windows-amd64-cygwin\jdk8u211\12973\hotspot\src\share\vm\prims\jni.cpp, line 710]
Event: 346.438 Thread 0x00000000209c8000 Exception <a 'sun/nio/fs/WindowsException'> (0x00000000fa62e400) thrown at [C:\re\workspace\8-2-build-windows-amd64-cygwin\jdk8u211\12973\hotspot\src\share\vm\prims\jni.cpp, line 710]

Events (10 events):
Event: 370.572 Thread 0x000000001a0f9800 flushing nmethod 0x000000000416d210
Event: 370.573 Thread 0x000000001a0f9800 flushing nmethod 0x0000000004227690
Event: 370.575 Thread 0x000000001a0f9800 flushing nmethod 0x000000000440add0
Event: 370.584 Thread 0x000000001a155000 flushing nmethod 0x0000000004499f50
Event: 370.585 Thread 0x000000001a155000 flushing nmethod 0x0000000004608210
Event: 370.586 Thread 0x000000001a155000 flushing nmethod 0x00000000046bc0d0
Event: 370.590 Thread 0x000000001a155000 flushing nmethod 0x00000000047cc790
Event: 370.602 Thread 0x000000001a155000 flushing nmethod 0x0000000004b63e10
Event: 370.711 Thread 0x000000001a0f9800 flushing nmethod 0x00000000055dc550
Event: 370.788 Thread 0x000000001a0f9800 flushing nmethod 0x0000000005e07150


Dynamic libraries:
0x00007ff79cbc0000 - 0x00007ff79cbf7000 	C:\Program Files\Java\jdk1.8.0_211\bin\java.exe
0x00007ffd09a60000 - 0x00007ffd09c69000 	C:\WINDOWS\SYSTEM32\ntdll.dll
0x00007ffd08980000 - 0x00007ffd08a3d000 	C:\WINDOWS\System32\KERNEL32.DLL
0x00007ffd06f50000 - 0x00007ffd072c4000 	C:\WINDOWS\System32\KERNELBASE.dll
0x00007ffd08d40000 - 0x00007ffd08dee000 	C:\WINDOWS\System32\ADVAPI32.dll
0x00007ffd08800000 - 0x00007ffd088a3000 	C:\WINDOWS\System32\msvcrt.dll
0x00007ffd09090000 - 0x00007ffd0912e000 	C:\WINDOWS\System32\sechost.dll
0x00007ffd08a40000 - 0x00007ffd08b60000 	C:\WINDOWS\System32\RPCRT4.dll
0x00007ffd07900000 - 0x00007ffd07aac000 	C:\WINDOWS\System32\USER32.dll
0x00007ffd073f0000 - 0x00007ffd07416000 	C:\WINDOWS\System32\win32u.dll
0x00007ffd091c0000 - 0x00007ffd091e9000 	C:\WINDOWS\System32\GDI32.dll
0x00007ffd07770000 - 0x00007ffd07882000 	C:\WINDOWS\System32\gdi32full.dll
0x00007ffd07590000 - 0x00007ffd0762d000 	C:\WINDOWS\System32\msvcp_win.dll
0x00007ffd072d0000 - 0x00007ffd073e1000 	C:\WINDOWS\System32\ucrtbase.dll
0x00007ffce8610000 - 0x00007ffce88b5000 	C:\WINDOWS\WinSxS\amd64_microsoft.windows.common-controls_6595b64144ccf1df_6.0.22000.120_none_9d947278b86cc467\COMCTL32.dll
0x00007ffd08190000 - 0x00007ffd081c1000 	C:\WINDOWS\System32\IMM32.DLL
0x0000000061500000 - 0x00000000615d2000 	C:\Program Files\Java\jdk1.8.0_211\jre\bin\msvcr100.dll
0x0000000060c50000 - 0x00000000614f5000 	C:\Program Files\Java\jdk1.8.0_211\jre\bin\server\jvm.dll
0x00007ffd09130000 - 0x00007ffd09138000 	C:\WINDOWS\System32\PSAPI.DLL
0x00007ffced9f0000 - 0x00007ffced9f9000 	C:\WINDOWS\SYSTEM32\WSOCK32.dll
0x00007ffd00f90000 - 0x00007ffd00fc3000 	C:\WINDOWS\SYSTEM32\WINMM.dll
0x00007ffd088b0000 - 0x00007ffd0891f000 	C:\WINDOWS\System32\WS2_32.dll
0x00007ffcfd740000 - 0x00007ffcfd74a000 	C:\WINDOWS\SYSTEM32\VERSION.dll
0x00007ffcf6cc0000 - 0x00007ffcf6ccf000 	C:\Program Files\Java\jdk1.8.0_211\jre\bin\verify.dll
0x00007ffce82b0000 - 0x00007ffce82d9000 	C:\Program Files\Java\jdk1.8.0_211\jre\bin\java.dll
0x00007ffcf1700000 - 0x00007ffcf1716000 	C:\Program Files\Java\jdk1.8.0_211\jre\bin\zip.dll
0x00007ffd09270000 - 0x00007ffd09a1e000 	C:\WINDOWS\System32\SHELL32.dll
0x00007ffd050c0000 - 0x00007ffd05928000 	C:\WINDOWS\SYSTEM32\windows.storage.dll
0x00007ffd07e10000 - 0x00007ffd08188000 	C:\WINDOWS\System32\combase.dll
0x00007ffd04f50000 - 0x00007ffd050b6000 	C:\WINDOWS\SYSTEM32\wintypes.dll
0x00007ffd08df0000 - 0x00007ffd08eda000 	C:\WINDOWS\System32\SHCORE.dll
0x00007ffd08920000 - 0x00007ffd0897d000 	C:\WINDOWS\System32\shlwapi.dll
0x00007ffd06e80000 - 0x00007ffd06ea1000 	C:\WINDOWS\SYSTEM32\profapi.dll
0x00007ffcf0de0000 - 0x00007ffcf0dfa000 	C:\Program Files\Java\jdk1.8.0_211\jre\bin\net.dll
0x00007ffcfff50000 - 0x00007ffd0013f000 	C:\WINDOWS\SYSTEM32\urlmon.dll
0x00007ffcffeb0000 - 0x00007ffcffed8000 	C:\WINDOWS\SYSTEM32\srvcli.dll
0x00007ffcffbd0000 - 0x00007ffcffe83000 	C:\WINDOWS\SYSTEM32\iertutil.dll
0x00007ffd05b70000 - 0x00007ffd05b7c000 	C:\WINDOWS\SYSTEM32\netutils.dll
0x00007ffd06480000 - 0x00007ffd064e7000 	C:\WINDOWS\system32\mswsock.dll
0x00007ffcf0c10000 - 0x00007ffcf0c22000 	C:\Program Files\Java\jdk1.8.0_211\jre\bin\nio.dll
0x00007ffce3fb0000 - 0x00007ffce3fd7000 	C:\Users\devpa\.gradle\native\49d0259a56938c7f99b2704e745ce422c4f750a7a20b539a32ccef96729676b1\windows-amd64\native-platform.dll
0x00007ffcc8240000 - 0x00007ffcc83d6000 	C:\Users\devpa\.gradle\native\12488b8bf47d2d4c9fbf2f6322a914ad602e24e48041cd04a747c6da556b65c4\windows-amd64\native-platform-file-events.dll
0x00007ffcf64a0000 - 0x00007ffcf64ad000 	C:\Program Files\Java\jdk1.8.0_211\jre\bin\management.dll
0x00007ffd066d0000 - 0x00007ffd066e8000 	C:\WINDOWS\SYSTEM32\CRYPTSP.dll
0x00007ffd05fb0000 - 0x00007ffd05fe5000 	C:\WINDOWS\system32\rsaenh.dll
0x00007ffd06570000 - 0x00007ffd06599000 	C:\WINDOWS\SYSTEM32\USERENV.dll
0x00007ffd06840000 - 0x00007ffd06867000 	C:\WINDOWS\SYSTEM32\bcrypt.dll
0x00007ffd07630000 - 0x00007ffd076af000 	C:\WINDOWS\System32\bcryptprimitives.dll
0x00007ffd066c0000 - 0x00007ffd066cc000 	C:\WINDOWS\SYSTEM32\CRYPTBASE.dll
0x00007ffd05b80000 - 0x00007ffd05bad000 	C:\WINDOWS\SYSTEM32\IPHLPAPI.DLL
0x00007ffd08ee0000 - 0x00007ffd08ee9000 	C:\WINDOWS\System32\NSI.dll
0x00007ffcffe90000 - 0x00007ffcffea9000 	C:\WINDOWS\SYSTEM32\dhcpcsvc6.DLL
0x00007ffd00690000 - 0x00007ffd006ae000 	C:\WINDOWS\SYSTEM32\dhcpcsvc.DLL
0x00007ffd05bf0000 - 0x00007ffd05cd7000 	C:\WINDOWS\SYSTEM32\DNSAPI.dll
0x00007ffcf4020000 - 0x00007ffcf4044000 	C:\Program Files\Java\jdk1.8.0_211\jre\bin\sunec.dll
0x00007ffd00fd0000 - 0x00007ffd00fdb000 	C:\Program Files\Java\jdk1.8.0_211\jre\bin\sunmscapi.dll
0x00007ffd07420000 - 0x00007ffd07582000 	C:\WINDOWS\System32\CRYPT32.dll
0x00007ffcfd0f0000 - 0x00007ffcfd0fa000 	C:\Windows\System32\rasadhlp.dll
0x00007ffcfe3b0000 - 0x00007ffcfe431000 	C:\WINDOWS\System32\fwpuclnt.dll
0x00007ffd04590000 - 0x00007ffd045c4000 	C:\WINDOWS\SYSTEM32\ntmarta.dll

VM Arguments:
jvm_args: -XX:MaxPermSize=512m -XX:+HeapDumpOnOutOfMemoryError -Xmx2048m -Dfile.encoding=UTF-8 -Duser.country=BR -Duser.language=pt -Duser.variant 
java_command: org.gradle.launcher.daemon.bootstrap.GradleDaemon 6.9
java_class_path (initial): C:\Users\devpa\.gradle\wrapper\dists\gradle-6.9-all\dooywd8nv05k16orzxge2b1bs\gradle-6.9\lib\gradle-launcher-6.9.jar
Launcher Type: SUN_STANDARD

Environment Variables:
JAVA_HOME=C:\Program Files\Java\jdk1.8.0_211
CLASSPATH=C:\Users\devpa\react-native-projetos\rentx\android\\gradle\wrapper\gradle-wrapper.jar
PATH=C:\Users\devpa\AppData\Local\Temp\yarn--1647974153253-0.4348265913013014;C:\Users\devpa\react-native-projetos\rentx\node_modules\.bin;C:\Users\devpa\AppData\Local\Yarn\Data\link\node_modules\.bin;C:\Users\devpa\AppData\Local\Yarn\bin;C:\Program Files\libexec\lib\node_modules\npm\bin\node-gyp-bin;C:\Program Files\lib\node_modules\npm\bin\node-gyp-bin;C:\Program Files\nodejs\node_modules\npm\bin\node-gyp-bin;C:\Python27\;C:\Python27\Scripts;C:\WINDOWS\system32;C:\WINDOWS;C:\WINDOWS\System32\Wbem;C:\WINDOWS\System32\WindowsPowerShell\v1.0\;C:\WINDOWS\System32\OpenSSH\;C:\Program Files\Git\cmd;C:\ProgramData\ComposerSetup\bin;C:\Program Files\Microsoft SQL Server\130\Tools\Binn\;C:\php;C:\ProgramData\chocolatey\bin;C:\Program Files\OpenJDK\openjdk-8u312-b07\bin;C:\Users\devpa\AppData\Local\Android\Sdk\platform-tools;C:\Program Files\nodejs\;C:\Program Files\Java\jdk1.8.0_211\bin;C:\Program Files\MySQL\MySQL Shell 8.0\bin\;C:\Users\devpa\AppData\Local\Microsoft\WindowsApps;C:\Users\devpa\AppData\Local\Programs\Microsoft VS Code\bin;C:\Users\devpa\AppData\Local\GitHubDesktop\bin;C:\Program Files\heroku\bin;C:\Users\devpa\AppData\Roaming\Microsoft\Windows\Start Menu\Programs\System Tools;C:\Users\devpa\AppData\Roaming\Composer\vendor\bin;C:\Users\devpa\AppData\Roaming\npm;C:\Users\devpa\AppData\Local\Android\Sdk\platform-tools;
USERNAME=devpa
OS=Windows_NT
PROCESSOR_IDENTIFIER=AMD64 Family 23 Model 24 Stepping 1, AuthenticAMD



---------------  S Y S T E M  ---------------

OS: Windows 10.0 , 64 bit Build 22000 (10.0.22000.434)

CPU:total 8 (initial active 8) (8 cores per cpu, 1 threads per core) family 23 model 24 stepping 1, cmov, cx8, fxsr, mmx, sse, sse2, sse3, ssse3, sse4.1, sse4.2, popcnt, avx, avx2, aes, clmul, mmxext, 3dnowpref, lzcnt, sse4a, tsc, tscinvbit, tscinv, bmi1

Memory: 4k page, physical 6164744k(26016k free), swap 25039112k(0k free)

vm_info: Java HotSpot(TM) 64-Bit Server VM (25.211-b12) for windows-amd64 JRE (1.8.0_211-b12), built on Apr  1 2019 20:53:26 by "java_re" with MS VC++ 10.0 (VS2010)

time: Tue Mar 22 15:42:15 2022
timezone: Hora oficial do Brasil
elapsed time: 370 seconds (0d 0h 6m 10s)

